C:\U\CSB\CSB\DIVABASIC\DEBUG\LIBDIVABASICD.LIB
C:\u\csb\csb\DiVABASIC\PROJECTS\libDiVAbasic\.\../../bin\libDiVAbasic.lib
C:\u\csb\csb\DiVABASIC\temp\cl.command.1.tlog
C:\u\csb\csb\DiVABASIC\temp\CL.read.1.tlog
C:\u\csb\csb\DiVABASIC\temp\CL.write.1.tlog
C:\U\CSB\CSB\DIVABASIC\TEMP\DESCRIPTION.OBJ
C:\U\CSB\CSB\DIVABASIC\TEMP\DESCRIPTIONBUFFER.OBJ
C:\U\CSB\CSB\DIVABASIC\TEMP\DIVAALGORITHM.OBJ
C:\U\CSB\CSB\DIVABASIC\TEMP\DIVAALGORITHM_MULTICAM.OBJ
C:\U\CSB\CSB\DIVABASIC\TEMP\DIVACLIENT.OBJ
C:\U\CSB\CSB\DIVABASIC\TEMP\DIVACLIENTBUFFER.OBJ
C:\U\CSB\CSB\DIVABASIC\TEMP\DIVACRONO.OBJ
C:\U\CSB\CSB\DIVABASIC\TEMP\DIVADATACLIENT.OBJ
C:\U\CSB\CSB\DIVABASIC\TEMP\DIVADISPLAY.OBJ
C:\U\CSB\CSB\DIVABASIC\TEMP\DIVAFILEREADER.OBJ
C:\U\CSB\CSB\DIVABASIC\TEMP\DIVAFREEBUFFER.OBJ
C:\U\CSB\CSB\DIVABASIC\TEMP\DIVAIMAGE.OBJ
C:\U\CSB\CSB\DIVABASIC\TEMP\DIVAIMAGEBUFFER.OBJ
C:\U\CSB\CSB\DIVABASIC\TEMP\DIVASERVER.OBJ
C:\U\CSB\CSB\DIVABASIC\TEMP\DIVASTRUCTURES.OBJ
C:\U\CSB\CSB\DIVABASIC\TEMP\DIVATHREAD.OBJ
C:\u\csb\csb\DiVABASIC\temp\lib.command.1.tlog
C:\u\csb\csb\DiVABASIC\temp\Lib-link.read.1.tlog
C:\u\csb\csb\DiVABASIC\temp\Lib-link.write.1.tlog
C:\U\CSB\CSB\DIVABASIC\TEMP\OPENCVCONVERTER.OBJ
C:\U\CSB\CSB\DIVABASIC\TEMP\RUNLENGTH.OBJ
C:\u\csb\csb\DiVABASIC\temp\vc100.idb
C:\U\CSB\CSB\DIVABASIC\TEMP\VC100.PDB
