Build started 9/24/2015 1:14:41 PM.
     1>Project "C:\Users\jotasmith\Documents\Visual Studio 2010\Projects\DiVA_detector_qt\DiVA_detector_qt\DiVA_detector_qt\DiVA_detector_qt\DiVA_detector_qt.vcxproj" on node 2 (build target(s)).
     1>InitializeBuildStatus:
         Creating "Release\DiVA_detector_qt.unsuccessfulbuild" because "AlwaysCreate" was specified.
       CustomBuild:
         Moc'ing diva_detector_qt.h...
       ClCompile:
         c:\Program Files (x86)\Microsoft Visual Studio 10.0\VC\bin\CL.exe /c /I.\GeneratedFiles /I. /IC:\Qt\Qt5.5.0\5.5\msvc2010\include /I.\GeneratedFiles\Release /IC:\Qt\Qt5.5.0\5.5\msvc2010\include\QtCore /IC:\Qt\Qt5.5.0\5.5\msvc2010\include\QtGui /IC:\Qt\Qt5.5.0\5.5\msvc2010\include\QtWidgets /IC:\Users\jotasmith\opencv249\opencv\build\include\ /IC:\Users\jotasmith\opencv249\opencv\build\ /I"C:\Users\jotasmith\Documents\Visual Studio 2010\Projects\DiVA_detector_249\DiVABASIC\SRC" /nologo /W1 /WX- /O2 /Oy- /D UNICODE /D WIN32 /D WIN64 /D QT_DLL /D QT_NO_DEBUG /D NDEBUG /D QT_CORE_LIB /D QT_GUI_LIB /D QT_WIDGETS_LIB /Gm- /EHsc /MD /GS /fp:precise /Zc:wchar_t /Zc:forScope /Fo"Release\\" /Fd"Release\vc100.pdb" /Gd /TP /analyze- /errorReport:prompt GeneratedFiles\Release\moc_diva_detector_qt.cpp diva_detector_qt.cpp main.cpp ventana_propiedades.cpp
         moc_diva_detector_qt.cpp
         diva_detector_qt.cpp
         main.cpp
         ventana_propiedades.cpp
         Generating Code...
         All outputs are up-to-date.
       Link:
         c:\Program Files (x86)\Microsoft Visual Studio 10.0\VC\bin\link.exe /ERRORREPORT:PROMPT /OUT:"C:\Users\jotasmith\Documents\Visual Studio 2010\Projects\DiVA_detector_qt\DiVA_detector_qt\DiVA_detector_qt\Win32\Release\\DiVA_detector_qt.exe" /NOLOGO /LIBPATH:C:\Qt\Qt5.5.0\5.5\msvc2010\lib /LIBPATH:C:\Users\jotasmith\opencv249\opencv\build\x86\vc10\lib /LIBPATH:"C:\Users\jotasmith\Documents\Visual Studio 2010\Projects\DiVA_detector_qt\DiVA_detector_qt\DiVABASIC\bin" qtmain.lib Qt5Core.lib Qt5Gui.lib Qt5Widgets.lib qtmaind.lib Qt5Cored.lib Qt5Guid.lib Qt5Widgetsd.lib libDiVAbasic.lib opencv_calib3d249.lib opencv_contrib249.lib opencv_core249.lib opencv_gpu249.lib opencv_features2d249.lib opencv_flann249.lib opencv_highgui249.lib opencv_imgproc249.lib opencv_legacy249.lib opencv_ml249.lib opencv_nonfree249.lib opencv_objdetect249.lib opencv_video249.lib opencv_videostab249.lib opencv_ocl249.lib kernel32.lib user32.lib gdi32.lib winspool.lib comdlg32.lib advapi32.lib shell32.lib ole32.lib oleaut32.lib uuid.lib odbc32.lib odbccp32.lib /MANIFEST /ManifestFile:"Release\DiVA_detector_qt.exe.intermediate.manifest" /MANIFESTUAC:"level='asInvoker' uiAccess='false'" /PDB:"C:\Users\jotasmith\Documents\Visual Studio 2010\Projects\DiVA_detector_qt\DiVA_detector_qt\DiVA_detector_qt\Win32\Release\DiVA_detector_qt.pdb" /SUBSYSTEM:WINDOWS /TLBID:1 /ENTRY:"mainCRTStartup" /DYNAMICBASE /NXCOMPAT /IMPLIB:"C:\Users\jotasmith\Documents\Visual Studio 2010\Projects\DiVA_detector_qt\DiVA_detector_qt\DiVA_detector_qt\Win32\Release\DiVA_detector_qt.lib" /MACHINE:X86 Release\camaras.obj
         Release\detector.obj
         Release\DiVA_detector.obj
         Release\diva_detector_qt.obj
         Release\DiVA_QtSignals.obj
         Release\qrc_diva_detector_qt.obj
         Release\moc_diva_detector_qt.obj
         Release\moc_DiVA_QtSignals.obj
         Release\moc_ventana_about.obj
         Release\moc_ventana_ayuda.obj
         Release\moc_ventana_camaras.obj
         Release\moc_ventana_propiedades.obj
         Release\main.obj
         Release\ventana_about.obj
         Release\ventana_ayuda.obj
         Release\ventana_camaras.obj
         Release\ventana_propiedades.obj
         DiVA_detector_qt.vcxproj -> C:\Users\jotasmith\Documents\Visual Studio 2010\Projects\DiVA_detector_qt\DiVA_detector_qt\DiVA_detector_qt\Win32\Release\DiVA_detector_qt.exe
       Manifest:
         c:\Program Files (x86)\Microsoft SDKs\Windows\v7.0A\bin\mt.exe /nologo /verbose /outputresource:"C:\Users\jotasmith\Documents\Visual Studio 2010\Projects\DiVA_detector_qt\DiVA_detector_qt\DiVA_detector_qt\Win32\Release\\DiVA_detector_qt.exe;#1" /manifest Release\DiVA_detector_qt.exe.intermediate.manifest
       FinalizeBuildStatus:
         Deleting file "Release\DiVA_detector_qt.unsuccessfulbuild".
         Touching "Release\DiVA_detector_qt.lastbuildstate".
     1>Done Building Project "C:\Users\jotasmith\Documents\Visual Studio 2010\Projects\DiVA_detector_qt\DiVA_detector_qt\DiVA_detector_qt\DiVA_detector_qt\DiVA_detector_qt.vcxproj" (build target(s)).

Build succeeded.

Time Elapsed 00:00:09.42
