Build started 10/09/2015 15:35:39.
     1>Project "C:\Users\jmh\Documents\Visual Studio 2010\Projects\DiVA_detector_qt\DiVA_detector_qt\DiVA_detector_qt\DiVA_detector_qt.vcxproj" on node 2 (rebuild target(s)).
     1>_PrepareForClean:
         Deleting file "Release\DiVA_detector_qt.lastbuildstate".
       InitializeBuildStatus:
         Creating "Release\DiVA_detector_qt.unsuccessfulbuild" because "AlwaysCreate" was specified.
       CustomBuild:
         Moc'ing diva_detector_qt.h...
         Uic'ing diva_detector_qt.ui...
         Moc'ing ventana_camaras.h...
         Moc'ing ventana_propiedades.h...
         Moc'ing ventana_about.h...
         Moc'ing ventana_ayuda.h...
         Moc'ing DiVA_QtSignals.h...
         Rcc'ing diva_detector_qt.qrc...
         Uic'ing ventana_ayuda.ui...
         Uic'ing ventana_about.ui...
         Uic'ing ventana_propiedades.ui...
     1>C:\Users\jmh\Documents\Visual Studio 2010\Projects\DiVA_detector_qt\DiVA_detector_qt\DiVA_detector_qt\ventana_propiedades.ui : warning : The name 'layoutWidget' (QWidget) is already in use, defaulting to 'layoutWidget1'.
         Uic'ing ventana_camaras.ui...
       ClCompile:
         c:\Program Files (x86)\Microsoft Visual Studio 10.0\VC\bin\CL.exe /c /I.\GeneratedFiles /I. /IC:\Qt\Qt5.1.1\5.1.1\msvc2010\include /I.\GeneratedFiles\Release /IC:\Qt\Qt5.1.1\5.1.1\msvc2010\include\QtCore /IC:\Qt\Qt5.1.1\5.1.1\msvc2010\include\QtGui /IC:\Qt\Qt5.1.1\5.1.1\msvc2010\include\QtWidgets /IC:\Users\jmh\opencv249\opencv\build\include\ /IC:\Users\jmh\opencv249\opencv\build\ /I"C:\Users\jmh\Documents\Visual Studio 2010\Projects\DiVA_detector_249\DiVABASIC\SRC" /nologo /W1 /WX- /O2 /Oy- /D UNICODE /D WIN32 /D WIN64 /D QT_DLL /D QT_NO_DEBUG /D NDEBUG /D QT_CORE_LIB /D QT_GUI_LIB /D QT_WIDGETS_LIB /Gm- /EHsc /MD /GS /fp:precise /Zc:wchar_t /Zc:forScope /Fo"Release\\" /Fd"Release\vc100.pdb" /Gd /TP /analyze- /errorReport:prompt camaras.cpp detector.cpp DiVA_detector.cpp diva_detector_qt.cpp DiVA_QtSignals.cpp GeneratedFiles\Release\moc_diva_detector_qt.cpp GeneratedFiles\Release\moc_DiVA_QtSignals.cpp GeneratedFiles\Release\moc_ventana_about.cpp GeneratedFiles\Release\moc_ventana_ayuda.cpp GeneratedFiles\Release\moc_ventana_camaras.cpp GeneratedFiles\Release\moc_ventana_propiedades.cpp main.cpp ventana_about.cpp ventana_ayuda.cpp ventana_camaras.cpp ventana_propiedades.cpp
         camaras.cpp
         detector.cpp
         DiVA_detector.cpp
         diva_detector_qt.cpp
         DiVA_QtSignals.cpp
         moc_diva_detector_qt.cpp
         moc_DiVA_QtSignals.cpp
         moc_ventana_about.cpp
         moc_ventana_ayuda.cpp
         moc_ventana_camaras.cpp
         moc_ventana_propiedades.cpp
         main.cpp
         ventana_about.cpp
         ventana_ayuda.cpp
         ventana_camaras.cpp
         ventana_propiedades.cpp
         Generating Code...
         c:\Program Files (x86)\Microsoft Visual Studio 10.0\VC\bin\CL.exe /c /I.\GeneratedFiles /I. /IC:\Qt\Qt5.1.1\5.1.1\msvc2010\include /I.\GeneratedFiles\Release /IC:\Qt\Qt5.1.1\5.1.1\msvc2010\include\QtCore /IC:\Qt\Qt5.1.1\5.1.1\msvc2010\include\QtGui /IC:\Qt\Qt5.1.1\5.1.1\msvc2010\include\QtWidgets /IC:\Users\jmh\opencv249\opencv\build\include\ /IC:\Users\jmh\opencv249\opencv\build\ /I"C:\Users\jmh\Documents\Visual Studio 2010\Projects\DiVA_detector_249\DiVABASIC\SRC" /nologo /W1 /WX- /O2 /Oy- /D UNICODE /D WIN32 /D WIN64 /D QT_DLL /D QT_NO_DEBUG /D NDEBUG /D QT_CORE_LIB /D QT_GUI_LIB /D QT_WIDGETS_LIB /Gm- /EHsc /MD /GS /fp:precise /Zc:wchar_t /Zc:forScope /Fo"Release\\" /Fd"Release\vc100.pdb" /Gd /TP /analyze- /errorReport:prompt GeneratedFiles\qrc_diva_detector_qt.cpp
         qrc_diva_detector_qt.cpp
       Link:
         c:\Program Files (x86)\Microsoft Visual Studio 10.0\VC\bin\link.exe /ERRORREPORT:PROMPT /OUT:"C:\Users\jmh\Documents\Visual Studio 2010\Projects\DiVA_detector_qt\DiVA_detector_qt\Win32\Release\\DiVA_detector_qt.exe" /NOLOGO /LIBPATH:C:\Qt\Qt5.1.1\5.1.1\msvc2010\lib /LIBPATH:C:\Users\jmh\opencv249\opencv\build\x86\vc10\lib /LIBPATH:"C:\Users\jmh\Documents\Visual Studio 2010\Projects\DiVA_detector_qt\DiVABASIC\bin" qtmain.lib Qt5Core.lib Qt5Gui.lib Qt5Widgets.lib qtmaind.lib Qt5Cored.lib Qt5Guid.lib Qt5Widgetsd.lib libDiVAbasic.lib opencv_calib3d249.lib opencv_contrib249.lib opencv_core249.lib opencv_gpu249.lib opencv_features2d249.lib opencv_flann249.lib opencv_highgui249.lib opencv_imgproc249.lib opencv_legacy249.lib opencv_ml249.lib opencv_nonfree249.lib opencv_objdetect249.lib opencv_video249.lib opencv_videostab249.lib opencv_ocl249.lib kernel32.lib user32.lib gdi32.lib winspool.lib comdlg32.lib advapi32.lib shell32.lib ole32.lib oleaut32.lib uuid.lib odbc32.lib odbccp32.lib /MANIFEST /ManifestFile:"Release\DiVA_detector_qt.exe.intermediate.manifest" /MANIFESTUAC:"level='asInvoker' uiAccess='false'" /PDB:"C:\Users\jmh\Documents\Visual Studio 2010\Projects\DiVA_detector_qt\DiVA_detector_qt\Win32\Release\DiVA_detector_qt.pdb" /SUBSYSTEM:WINDOWS /TLBID:1 /ENTRY:"mainCRTStartup" /DYNAMICBASE /NXCOMPAT /IMPLIB:"C:\Users\jmh\Documents\Visual Studio 2010\Projects\DiVA_detector_qt\DiVA_detector_qt\Win32\Release\DiVA_detector_qt.lib" /MACHINE:X86 Release\camaras.obj
         Release\detector.obj
         Release\DiVA_detector.obj
         Release\diva_detector_qt.obj
         Release\DiVA_QtSignals.obj
         Release\qrc_diva_detector_qt.obj
         Release\moc_diva_detector_qt.obj
         Release\moc_DiVA_QtSignals.obj
         Release\moc_ventana_about.obj
         Release\moc_ventana_ayuda.obj
         Release\moc_ventana_camaras.obj
         Release\moc_ventana_propiedades.obj
         Release\main.obj
         Release\ventana_about.obj
         Release\ventana_ayuda.obj
         Release\ventana_camaras.obj
         Release\ventana_propiedades.obj
         DiVA_detector_qt.vcxproj -> C:\Users\jmh\Documents\Visual Studio 2010\Projects\DiVA_detector_qt\DiVA_detector_qt\Win32\Release\DiVA_detector_qt.exe
       Manifest:
         C:\Program Files (x86)\Microsoft SDKs\Windows\v7.0A\bin\mt.exe /nologo /verbose /outputresource:"C:\Users\jmh\Documents\Visual Studio 2010\Projects\DiVA_detector_qt\DiVA_detector_qt\Win32\Release\\DiVA_detector_qt.exe;#1" /manifest Release\DiVA_detector_qt.exe.intermediate.manifest
       FinalizeBuildStatus:
         Deleting file "Release\DiVA_detector_qt.unsuccessfulbuild".
         Touching "Release\DiVA_detector_qt.lastbuildstate".
     1>Done Building Project "C:\Users\jmh\Documents\Visual Studio 2010\Projects\DiVA_detector_qt\DiVA_detector_qt\DiVA_detector_qt\DiVA_detector_qt.vcxproj" (rebuild target(s)).

Build succeeded.

Time Elapsed 00:00:19.80
