C:\USERS\JMH\DOCUMENTS\VISUAL STUDIO 2010\PROJECTS\DIVA_DETECTOR_QT\DIVA_DETECTOR_QT\DIVA_DETECTOR_QT\GENERATEDFILES\QRC_DIVA_DETECTOR_QT.CPP
C:\USERS\JMH\DOCUMENTS\VISUAL STUDIO 2010\PROJECTS\DIVA_DETECTOR_QT\DIVA_DETECTOR_QT\DIVA_DETECTOR_QT\GENERATEDFILES\RELEASE\MOC_DIVA_DETECTOR_QT.CPP
C:\USERS\JMH\DOCUMENTS\VISUAL STUDIO 2010\PROJECTS\DIVA_DETECTOR_QT\DIVA_DETECTOR_QT\DIVA_DETECTOR_QT\GENERATEDFILES\RELEASE\MOC_DIVA_QTSIGNALS.CPP
C:\USERS\JMH\DOCUMENTS\VISUAL STUDIO 2010\PROJECTS\DIVA_DETECTOR_QT\DIVA_DETECTOR_QT\DIVA_DETECTOR_QT\GENERATEDFILES\RELEASE\MOC_VENTANA_ABOUT.CPP
C:\USERS\JMH\DOCUMENTS\VISUAL STUDIO 2010\PROJECTS\DIVA_DETECTOR_QT\DIVA_DETECTOR_QT\DIVA_DETECTOR_QT\GENERATEDFILES\RELEASE\MOC_VENTANA_AYUDA.CPP
C:\USERS\JMH\DOCUMENTS\VISUAL STUDIO 2010\PROJECTS\DIVA_DETECTOR_QT\DIVA_DETECTOR_QT\DIVA_DETECTOR_QT\GENERATEDFILES\RELEASE\MOC_VENTANA_CAMARAS.CPP
C:\USERS\JMH\DOCUMENTS\VISUAL STUDIO 2010\PROJECTS\DIVA_DETECTOR_QT\DIVA_DETECTOR_QT\DIVA_DETECTOR_QT\GENERATEDFILES\RELEASE\MOC_VENTANA_PROPIEDADES.CPP
C:\USERS\JMH\DOCUMENTS\VISUAL STUDIO 2010\PROJECTS\DIVA_DETECTOR_QT\DIVA_DETECTOR_QT\DIVA_DETECTOR_QT\GENERATEDFILES\UI_DIVA_DETECTOR_QT.H
C:\USERS\JMH\DOCUMENTS\VISUAL STUDIO 2010\PROJECTS\DIVA_DETECTOR_QT\DIVA_DETECTOR_QT\DIVA_DETECTOR_QT\GENERATEDFILES\UI_VENTANA_ABOUT.H
C:\USERS\JMH\DOCUMENTS\VISUAL STUDIO 2010\PROJECTS\DIVA_DETECTOR_QT\DIVA_DETECTOR_QT\DIVA_DETECTOR_QT\GENERATEDFILES\UI_VENTANA_AYUDA.H
C:\USERS\JMH\DOCUMENTS\VISUAL STUDIO 2010\PROJECTS\DIVA_DETECTOR_QT\DIVA_DETECTOR_QT\DIVA_DETECTOR_QT\GENERATEDFILES\UI_VENTANA_CAMARAS.H
C:\USERS\JMH\DOCUMENTS\VISUAL STUDIO 2010\PROJECTS\DIVA_DETECTOR_QT\DIVA_DETECTOR_QT\DIVA_DETECTOR_QT\GENERATEDFILES\UI_VENTANA_PROPIEDADES.H
C:\USERS\JMH\DOCUMENTS\VISUAL STUDIO 2010\PROJECTS\DIVA_DETECTOR_QT\DIVA_DETECTOR_QT\DIVA_DETECTOR_QT\RELEASE\CAMARAS.OBJ
C:\Users\jmh\Documents\Visual Studio 2010\Projects\DiVA_detector_qt\DiVA_detector_qt\DiVA_detector_qt\Release\cl.command.1.tlog
C:\Users\jmh\Documents\Visual Studio 2010\Projects\DiVA_detector_qt\DiVA_detector_qt\DiVA_detector_qt\Release\CL.read.1.tlog
C:\Users\jmh\Documents\Visual Studio 2010\Projects\DiVA_detector_qt\DiVA_detector_qt\DiVA_detector_qt\Release\CL.write.1.tlog
C:\Users\jmh\Documents\Visual Studio 2010\Projects\DiVA_detector_qt\DiVA_detector_qt\DiVA_detector_qt\Release\custombuild.command.1.tlog
C:\Users\jmh\Documents\Visual Studio 2010\Projects\DiVA_detector_qt\DiVA_detector_qt\DiVA_detector_qt\Release\custombuild.read.1.tlog
C:\Users\jmh\Documents\Visual Studio 2010\Projects\DiVA_detector_qt\DiVA_detector_qt\DiVA_detector_qt\Release\custombuild.write.1.tlog
C:\USERS\JMH\DOCUMENTS\VISUAL STUDIO 2010\PROJECTS\DIVA_DETECTOR_QT\DIVA_DETECTOR_QT\DIVA_DETECTOR_QT\RELEASE\DETECTOR.OBJ
C:\USERS\JMH\DOCUMENTS\VISUAL STUDIO 2010\PROJECTS\DIVA_DETECTOR_QT\DIVA_DETECTOR_QT\DIVA_DETECTOR_QT\RELEASE\DIVA_DETECTOR.OBJ
C:\USERS\JMH\DOCUMENTS\VISUAL STUDIO 2010\PROJECTS\DIVA_DETECTOR_QT\DIVA_DETECTOR_QT\DIVA_DETECTOR_QT\RELEASE\DIVA_DETECTOR_QT.EXE.INTERMEDIATE.MANIFEST
C:\USERS\JMH\DOCUMENTS\VISUAL STUDIO 2010\PROJECTS\DIVA_DETECTOR_QT\DIVA_DETECTOR_QT\DIVA_DETECTOR_QT\RELEASE\DIVA_DETECTOR_QT.OBJ
C:\Users\jmh\Documents\Visual Studio 2010\Projects\DiVA_detector_qt\DiVA_detector_qt\DiVA_detector_qt\Release\DiVA_detector_qt.vcxprojResolveAssemblyReference.cache
C:\Users\jmh\Documents\Visual Studio 2010\Projects\DiVA_detector_qt\DiVA_detector_qt\DiVA_detector_qt\Release\DiVA_detector_qt.write.1.tlog
C:\USERS\JMH\DOCUMENTS\VISUAL STUDIO 2010\PROJECTS\DIVA_DETECTOR_QT\DIVA_DETECTOR_QT\DIVA_DETECTOR_QT\RELEASE\DIVA_QTSIGNALS.OBJ
C:\Users\jmh\Documents\Visual Studio 2010\Projects\DiVA_detector_qt\DiVA_detector_qt\DiVA_detector_qt\Release\link.command.1.tlog
C:\Users\jmh\Documents\Visual Studio 2010\Projects\DiVA_detector_qt\DiVA_detector_qt\DiVA_detector_qt\Release\link.read.1.tlog
C:\Users\jmh\Documents\Visual Studio 2010\Projects\DiVA_detector_qt\DiVA_detector_qt\DiVA_detector_qt\Release\link.write.1.tlog
C:\USERS\JMH\DOCUMENTS\VISUAL STUDIO 2010\PROJECTS\DIVA_DETECTOR_QT\DIVA_DETECTOR_QT\DIVA_DETECTOR_QT\RELEASE\MAIN.OBJ
C:\USERS\JMH\DOCUMENTS\VISUAL STUDIO 2010\PROJECTS\DIVA_DETECTOR_QT\DIVA_DETECTOR_QT\DIVA_DETECTOR_QT\RELEASE\MOC_DIVA_DETECTOR_QT.OBJ
C:\USERS\JMH\DOCUMENTS\VISUAL STUDIO 2010\PROJECTS\DIVA_DETECTOR_QT\DIVA_DETECTOR_QT\DIVA_DETECTOR_QT\RELEASE\MOC_DIVA_QTSIGNALS.OBJ
C:\USERS\JMH\DOCUMENTS\VISUAL STUDIO 2010\PROJECTS\DIVA_DETECTOR_QT\DIVA_DETECTOR_QT\DIVA_DETECTOR_QT\RELEASE\MOC_VENTANA_ABOUT.OBJ
C:\USERS\JMH\DOCUMENTS\VISUAL STUDIO 2010\PROJECTS\DIVA_DETECTOR_QT\DIVA_DETECTOR_QT\DIVA_DETECTOR_QT\RELEASE\MOC_VENTANA_AYUDA.OBJ
C:\USERS\JMH\DOCUMENTS\VISUAL STUDIO 2010\PROJECTS\DIVA_DETECTOR_QT\DIVA_DETECTOR_QT\DIVA_DETECTOR_QT\RELEASE\MOC_VENTANA_CAMARAS.OBJ
C:\USERS\JMH\DOCUMENTS\VISUAL STUDIO 2010\PROJECTS\DIVA_DETECTOR_QT\DIVA_DETECTOR_QT\DIVA_DETECTOR_QT\RELEASE\MOC_VENTANA_PROPIEDADES.OBJ
C:\Users\jmh\Documents\Visual Studio 2010\Projects\DiVA_detector_qt\DiVA_detector_qt\DiVA_detector_qt\Release\mt.command.1.tlog
C:\Users\jmh\Documents\Visual Studio 2010\Projects\DiVA_detector_qt\DiVA_detector_qt\DiVA_detector_qt\Release\mt.read.1.tlog
C:\Users\jmh\Documents\Visual Studio 2010\Projects\DiVA_detector_qt\DiVA_detector_qt\DiVA_detector_qt\Release\mt.write.1.tlog
C:\USERS\JMH\DOCUMENTS\VISUAL STUDIO 2010\PROJECTS\DIVA_DETECTOR_QT\DIVA_DETECTOR_QT\DIVA_DETECTOR_QT\RELEASE\QRC_DIVA_DETECTOR_QT.OBJ
C:\USERS\JMH\DOCUMENTS\VISUAL STUDIO 2010\PROJECTS\DIVA_DETECTOR_QT\DIVA_DETECTOR_QT\DIVA_DETECTOR_QT\RELEASE\VENTANA_ABOUT.OBJ
C:\USERS\JMH\DOCUMENTS\VISUAL STUDIO 2010\PROJECTS\DIVA_DETECTOR_QT\DIVA_DETECTOR_QT\DIVA_DETECTOR_QT\RELEASE\VENTANA_AYUDA.OBJ
C:\USERS\JMH\DOCUMENTS\VISUAL STUDIO 2010\PROJECTS\DIVA_DETECTOR_QT\DIVA_DETECTOR_QT\DIVA_DETECTOR_QT\RELEASE\VENTANA_CAMARAS.OBJ
C:\USERS\JMH\DOCUMENTS\VISUAL STUDIO 2010\PROJECTS\DIVA_DETECTOR_QT\DIVA_DETECTOR_QT\DIVA_DETECTOR_QT\RELEASE\VENTANA_PROPIEDADES.OBJ
C:\USERS\JMH\DOCUMENTS\VISUAL STUDIO 2010\PROJECTS\DIVA_DETECTOR_QT\DIVA_DETECTOR_QT\WIN32\RELEASE\DIVA_DETECTOR_QT.EXE
