C:\USERS\JMH\DOCUMENTS\VISUAL STUDIO 2010\PROJECTS\DIVA_DETECTOR_QT\DIVA_DETECTOR_QT\DIVA_DETECTOR_QT\DEBUG\CAMARAS.OBJ
C:\Users\jmh\Documents\Visual Studio 2010\Projects\DiVA_detector_qt\DiVA_detector_qt\DiVA_detector_qt\Debug\cl.command.1.tlog
C:\Users\jmh\Documents\Visual Studio 2010\Projects\DiVA_detector_qt\DiVA_detector_qt\DiVA_detector_qt\Debug\CL.read.1.tlog
C:\Users\jmh\Documents\Visual Studio 2010\Projects\DiVA_detector_qt\DiVA_detector_qt\DiVA_detector_qt\Debug\CL.write.1.tlog
C:\Users\jmh\Documents\Visual Studio 2010\Projects\DiVA_detector_qt\DiVA_detector_qt\DiVA_detector_qt\Debug\custombuild.command.1.tlog
C:\Users\jmh\Documents\Visual Studio 2010\Projects\DiVA_detector_qt\DiVA_detector_qt\DiVA_detector_qt\Debug\custombuild.read.1.tlog
C:\Users\jmh\Documents\Visual Studio 2010\Projects\DiVA_detector_qt\DiVA_detector_qt\DiVA_detector_qt\Debug\custombuild.write.1.tlog
C:\USERS\JMH\DOCUMENTS\VISUAL STUDIO 2010\PROJECTS\DIVA_DETECTOR_QT\DIVA_DETECTOR_QT\DIVA_DETECTOR_QT\DEBUG\DETECTOR.OBJ
C:\USERS\JMH\DOCUMENTS\VISUAL STUDIO 2010\PROJECTS\DIVA_DETECTOR_QT\DIVA_DETECTOR_QT\DIVA_DETECTOR_QT\DEBUG\DIVA_DETECTOR.OBJ
C:\USERS\JMH\DOCUMENTS\VISUAL STUDIO 2010\PROJECTS\DIVA_DETECTOR_QT\DIVA_DETECTOR_QT\DIVA_DETECTOR_QT\DEBUG\DIVA_DETECTOR_QT.EXE.INTERMEDIATE.MANIFEST
C:\USERS\JMH\DOCUMENTS\VISUAL STUDIO 2010\PROJECTS\DIVA_DETECTOR_QT\DIVA_DETECTOR_QT\DIVA_DETECTOR_QT\DEBUG\DIVA_DETECTOR_QT.OBJ
C:\Users\jmh\Documents\Visual Studio 2010\Projects\DiVA_detector_qt\DiVA_detector_qt\DiVA_detector_qt\Debug\DiVA_detector_qt.vcxprojResolveAssemblyReference.cache
C:\Users\jmh\Documents\Visual Studio 2010\Projects\DiVA_detector_qt\DiVA_detector_qt\DiVA_detector_qt\Debug\DiVA_detector_qt.write.1.tlog
C:\USERS\JMH\DOCUMENTS\VISUAL STUDIO 2010\PROJECTS\DIVA_DETECTOR_QT\DIVA_DETECTOR_QT\DIVA_DETECTOR_QT\DEBUG\DIVA_QTSIGNALS.OBJ
C:\Users\jmh\Documents\Visual Studio 2010\Projects\DiVA_detector_qt\DiVA_detector_qt\DiVA_detector_qt\Debug\link.command.1.tlog
C:\Users\jmh\Documents\Visual Studio 2010\Projects\DiVA_detector_qt\DiVA_detector_qt\DiVA_detector_qt\Debug\link.read.1.tlog
C:\Users\jmh\Documents\Visual Studio 2010\Projects\DiVA_detector_qt\DiVA_detector_qt\DiVA_detector_qt\Debug\link.read.3.tlog
C:\Users\jmh\Documents\Visual Studio 2010\Projects\DiVA_detector_qt\DiVA_detector_qt\DiVA_detector_qt\Debug\link.write.1.tlog
C:\USERS\JMH\DOCUMENTS\VISUAL STUDIO 2010\PROJECTS\DIVA_DETECTOR_QT\DIVA_DETECTOR_QT\DIVA_DETECTOR_QT\DEBUG\MAIN.OBJ
C:\USERS\JMH\DOCUMENTS\VISUAL STUDIO 2010\PROJECTS\DIVA_DETECTOR_QT\DIVA_DETECTOR_QT\DIVA_DETECTOR_QT\DEBUG\MOC_DIVA_DETECTOR_QT.OBJ
C:\USERS\JMH\DOCUMENTS\VISUAL STUDIO 2010\PROJECTS\DIVA_DETECTOR_QT\DIVA_DETECTOR_QT\DIVA_DETECTOR_QT\DEBUG\MOC_DIVA_QTSIGNALS.OBJ
C:\USERS\JMH\DOCUMENTS\VISUAL STUDIO 2010\PROJECTS\DIVA_DETECTOR_QT\DIVA_DETECTOR_QT\DIVA_DETECTOR_QT\DEBUG\MOC_VENTANA_ABOUT.OBJ
C:\USERS\JMH\DOCUMENTS\VISUAL STUDIO 2010\PROJECTS\DIVA_DETECTOR_QT\DIVA_DETECTOR_QT\DIVA_DETECTOR_QT\DEBUG\MOC_VENTANA_AYUDA.OBJ
C:\USERS\JMH\DOCUMENTS\VISUAL STUDIO 2010\PROJECTS\DIVA_DETECTOR_QT\DIVA_DETECTOR_QT\DIVA_DETECTOR_QT\DEBUG\MOC_VENTANA_CAMARAS.OBJ
C:\USERS\JMH\DOCUMENTS\VISUAL STUDIO 2010\PROJECTS\DIVA_DETECTOR_QT\DIVA_DETECTOR_QT\DIVA_DETECTOR_QT\DEBUG\MOC_VENTANA_PROPIEDADES.OBJ
C:\Users\jmh\Documents\Visual Studio 2010\Projects\DiVA_detector_qt\DiVA_detector_qt\DiVA_detector_qt\Debug\mt.command.1.tlog
C:\Users\jmh\Documents\Visual Studio 2010\Projects\DiVA_detector_qt\DiVA_detector_qt\DiVA_detector_qt\Debug\mt.read.1.tlog
C:\Users\jmh\Documents\Visual Studio 2010\Projects\DiVA_detector_qt\DiVA_detector_qt\DiVA_detector_qt\Debug\mt.write.1.tlog
C:\USERS\JMH\DOCUMENTS\VISUAL STUDIO 2010\PROJECTS\DIVA_DETECTOR_QT\DIVA_DETECTOR_QT\DIVA_DETECTOR_QT\DEBUG\QRC_DIVA_DETECTOR_QT.OBJ
C:\USERS\JMH\DOCUMENTS\VISUAL STUDIO 2010\PROJECTS\DIVA_DETECTOR_QT\DIVA_DETECTOR_QT\DIVA_DETECTOR_QT\DEBUG\VC100.PDB
C:\USERS\JMH\DOCUMENTS\VISUAL STUDIO 2010\PROJECTS\DIVA_DETECTOR_QT\DIVA_DETECTOR_QT\DIVA_DETECTOR_QT\DEBUG\VENTANA_ABOUT.OBJ
C:\USERS\JMH\DOCUMENTS\VISUAL STUDIO 2010\PROJECTS\DIVA_DETECTOR_QT\DIVA_DETECTOR_QT\DIVA_DETECTOR_QT\DEBUG\VENTANA_AYUDA.OBJ
C:\USERS\JMH\DOCUMENTS\VISUAL STUDIO 2010\PROJECTS\DIVA_DETECTOR_QT\DIVA_DETECTOR_QT\DIVA_DETECTOR_QT\DEBUG\VENTANA_CAMARAS.OBJ
C:\USERS\JMH\DOCUMENTS\VISUAL STUDIO 2010\PROJECTS\DIVA_DETECTOR_QT\DIVA_DETECTOR_QT\DIVA_DETECTOR_QT\DEBUG\VENTANA_PROPIEDADES.OBJ
C:\USERS\JMH\DOCUMENTS\VISUAL STUDIO 2010\PROJECTS\DIVA_DETECTOR_QT\DIVA_DETECTOR_QT\DIVA_DETECTOR_QT\GENERATEDFILES\DEBUG\MOC_DIVA_DETECTOR_QT.CPP
C:\USERS\JMH\DOCUMENTS\VISUAL STUDIO 2010\PROJECTS\DIVA_DETECTOR_QT\DIVA_DETECTOR_QT\DIVA_DETECTOR_QT\GENERATEDFILES\DEBUG\MOC_DIVA_QTSIGNALS.CPP
C:\USERS\JMH\DOCUMENTS\VISUAL STUDIO 2010\PROJECTS\DIVA_DETECTOR_QT\DIVA_DETECTOR_QT\DIVA_DETECTOR_QT\GENERATEDFILES\DEBUG\MOC_VENTANA_ABOUT.CPP
C:\USERS\JMH\DOCUMENTS\VISUAL STUDIO 2010\PROJECTS\DIVA_DETECTOR_QT\DIVA_DETECTOR_QT\DIVA_DETECTOR_QT\GENERATEDFILES\DEBUG\MOC_VENTANA_AYUDA.CPP
C:\USERS\JMH\DOCUMENTS\VISUAL STUDIO 2010\PROJECTS\DIVA_DETECTOR_QT\DIVA_DETECTOR_QT\DIVA_DETECTOR_QT\GENERATEDFILES\DEBUG\MOC_VENTANA_CAMARAS.CPP
C:\USERS\JMH\DOCUMENTS\VISUAL STUDIO 2010\PROJECTS\DIVA_DETECTOR_QT\DIVA_DETECTOR_QT\DIVA_DETECTOR_QT\GENERATEDFILES\DEBUG\MOC_VENTANA_PROPIEDADES.CPP
C:\USERS\JMH\DOCUMENTS\VISUAL STUDIO 2010\PROJECTS\DIVA_DETECTOR_QT\DIVA_DETECTOR_QT\DIVA_DETECTOR_QT\GENERATEDFILES\QRC_DIVA_DETECTOR_QT.CPP
C:\USERS\JMH\DOCUMENTS\VISUAL STUDIO 2010\PROJECTS\DIVA_DETECTOR_QT\DIVA_DETECTOR_QT\DIVA_DETECTOR_QT\GENERATEDFILES\UI_DIVA_DETECTOR_QT.H
C:\USERS\JMH\DOCUMENTS\VISUAL STUDIO 2010\PROJECTS\DIVA_DETECTOR_QT\DIVA_DETECTOR_QT\DIVA_DETECTOR_QT\GENERATEDFILES\UI_VENTANA_ABOUT.H
C:\USERS\JMH\DOCUMENTS\VISUAL STUDIO 2010\PROJECTS\DIVA_DETECTOR_QT\DIVA_DETECTOR_QT\DIVA_DETECTOR_QT\GENERATEDFILES\UI_VENTANA_AYUDA.H
C:\USERS\JMH\DOCUMENTS\VISUAL STUDIO 2010\PROJECTS\DIVA_DETECTOR_QT\DIVA_DETECTOR_QT\DIVA_DETECTOR_QT\GENERATEDFILES\UI_VENTANA_CAMARAS.H
C:\USERS\JMH\DOCUMENTS\VISUAL STUDIO 2010\PROJECTS\DIVA_DETECTOR_QT\DIVA_DETECTOR_QT\DIVA_DETECTOR_QT\GENERATEDFILES\UI_VENTANA_PROPIEDADES.H
C:\USERS\JMH\DOCUMENTS\VISUAL STUDIO 2010\PROJECTS\DIVA_DETECTOR_QT\DIVA_DETECTOR_QT\WIN32\DEBUG\DIVA_DETECTOR_QT.EXE
C:\USERS\JMH\DOCUMENTS\VISUAL STUDIO 2010\PROJECTS\DIVA_DETECTOR_QT\DIVA_DETECTOR_QT\WIN32\DEBUG\DIVA_DETECTOR_QT.ILK
C:\USERS\JMH\DOCUMENTS\VISUAL STUDIO 2010\PROJECTS\DIVA_DETECTOR_QT\DIVA_DETECTOR_QT\WIN32\DEBUG\DIVA_DETECTOR_QT.PDB
